[2026-06-11 14:00:00] Moved 'image.jpg' to 'Images' folder
[2026-06-11 14:00:01] Moved 'report.pdf' to 'Documents' folder
[2026-06-11 14:00:02] Moved 'movie.mp4' to 'Videos' folder
[2026-06-11 14:00:03] Organization completed. 3 files moved.[2026-06-12 15:11:04] Moved 'image1.jpg' to 'Images' folder
[2026-06-12 15:11:04] Moved 'image2.png' to 'Images' folder
[2026-06-12 15:11:04] Moved 'movie.mp4' to 'Videos' folder
[2026-06-12 15:11:04] Moved 'notes.txt' to 'Documents' folder
[2026-06-12 15:11:04] Moved 'project.zip' to 'Archives' folder
[2026-06-12 15:11:04] Moved 'random.xyz' to 'Others' folder
[2026-06-12 15:11:04] Moved 'report.pdf' to 'Documents' folder
[2026-06-12 15:11:04] Moved 'song.mp3' to 'Audio' folder
[2026-06-12 15:11:04] Organization completed. 8 files moved.
[2026-06-12 15:12:20] Program exited
[2026-06-12 16:20:15] Moved 'document.pdf' to 'Documents' folder
[2026-06-12 16:20:15] Moved 'image1.jpg' to 'Images' folder
[2026-06-12 16:20:15] Moved 'image2.png' to 'Images' folder
[2026-06-12 16:20:15] Moved 'music.mp3' to 'Audio' folder
[2026-06-12 16:20:15] Moved 'notes.txt' to 'Documents' folder
[2026-06-12 16:20:15] Moved 'presentation.pptx' to 'Documents' folder
[2026-06-12 16:20:15] Moved 'video.mp4' to 'Videos' folder
[2026-06-12 16:20:15] Organization completed. 7 files moved.
[2026-06-12 16:20:20] Program exited
[2026-06-12 16:34:31] File Organizer started.
[2026-06-12 16:34:31] Sample file moved successfully.
[2026-06-12 16:37:03] File Organizer started.
[2026-06-12 16:37:03] Sample file moved successfully.
[2026-06-12 16:37:10] Moved 'movie.mp4' to 'Videos' folder
[2026-06-12 16:37:10] Moved 'notes.txt' to 'Documents' folder
[2026-06-12 16:37:10] Moved 'project.zip' to 'Archives' folder
[2026-06-12 16:37:10] Moved 'random.xyz' to 'Others' folder
[2026-06-12 16:37:10] Moved 'report.pdf' to 'Documents' folder
[2026-06-12 16:37:10] Moved 'song.mp3' to 'Audio' folder
[2026-06-12 16:37:10] Organization completed. 6 files moved.
[2026-06-12 16:37:37] Program exited
